<?xml version="1.0" ?>
<coverage version="7.11.0" timestamp="1764935443404" lines-valid="1561" lines-covered="263" line-rate="0.1685" branches-covered="0" branches-valid="0" branch-rate="0" complexity="0">
	<!-- Generated by coverage.py: https://coverage.readthedocs.io/en/7.11.0 -->
	<!-- Based on https://raw.githubusercontent.com/cobertura/web/master/htdocs/xml/coverage-04.dtd -->
	<sources>
		<source>D:\Mouaaz\Open-source\Projects\DeepGem\NLBM - Client Tool</source>
		<source>D:\Mouaaz\Open-source\Projects\DeepGem\NLBM - Client Tool\function_app</source>
	</sources>
	<packages>
		<package name="." line-rate="0.1769" branch-rate="0" complexity="0">
			<classes>
				<class name="app.py" filename="app.py" complexity="0" line-rate="0.1769" branch-rate="0">
					<methods/>
					<lines>
						<line number="1" hits="1"/>
						<line number="2" hits="1"/>
						<line number="3" hits="1"/>
						<line number="4" hits="1"/>
						<line number="5" hits="1"/>
						<line number="6" hits="1"/>
						<line number="7" hits="1"/>
						<line number="8" hits="1"/>
						<line number="9" hits="1"/>
						<line number="10" hits="1"/>
						<line number="11" hits="1"/>
						<line number="12" hits="1"/>
						<line number="13" hits="1"/>
						<line number="14" hits="1"/>
						<line number="15" hits="1"/>
						<line number="16" hits="1"/>
						<line number="17" hits="1"/>
						<line number="18" hits="1"/>
						<line number="19" hits="1"/>
						<line number="20" hits="1"/>
						<line number="21" hits="1"/>
						<line number="22" hits="1"/>
						<line number="23" hits="1"/>
						<line number="24" hits="1"/>
						<line number="25" hits="1"/>
						<line number="26" hits="1"/>
						<line number="27" hits="1"/>
						<line number="28" hits="1"/>
						<line number="29" hits="1"/>
						<line number="30" hits="1"/>
						<line number="31" hits="1"/>
						<line number="32" hits="1"/>
						<line number="33" hits="1"/>
						<line number="34" hits="1"/>
						<line number="35" hits="1"/>
						<line number="36" hits="1"/>
						<line number="37" hits="1"/>
						<line number="38" hits="1"/>
						<line number="39" hits="1"/>
						<line number="40" hits="1"/>
						<line number="41" hits="1"/>
						<line number="44" hits="1"/>
						<line number="52" hits="1"/>
						<line number="55" hits="1"/>
						<line number="56" hits="0"/>
						<line number="58" hits="1"/>
						<line number="60" hits="1"/>
						<line number="62" hits="1"/>
						<line number="63" hits="1"/>
						<line number="64" hits="1"/>
						<line number="67" hits="1"/>
						<line number="68" hits="1"/>
						<line number="69" hits="1"/>
						<line number="72" hits="1"/>
						<line number="81" hits="0"/>
						<line number="82" hits="0"/>
						<line number="83" hits="0"/>
						<line number="84" hits="0"/>
						<line number="86" hits="0"/>
						<line number="87" hits="0"/>
						<line number="89" hits="1"/>
						<line number="98" hits="1"/>
						<line number="99" hits="1"/>
						<line number="100" hits="1"/>
						<line number="101" hits="1"/>
						<line number="104" hits="1"/>
						<line number="105" hits="1"/>
						<line number="106" hits="1"/>
						<line number="107" hits="1"/>
						<line number="108" hits="1"/>
						<line number="109" hits="1"/>
						<line number="110" hits="1"/>
						<line number="111" hits="1"/>
						<line number="114" hits="1"/>
						<line number="116" hits="1"/>
						<line number="118" hits="0"/>
						<line number="119" hits="0"/>
						<line number="120" hits="0"/>
						<line number="123" hits="1"/>
						<line number="125" hits="0"/>
						<line number="126" hits="0"/>
						<line number="128" hits="0"/>
						<line number="129" hits="0"/>
						<line number="130" hits="0"/>
						<line number="131" hits="0"/>
						<line number="132" hits="0"/>
						<line number="133" hits="0"/>
						<line number="134" hits="0"/>
						<line number="135" hits="0"/>
						<line number="136" hits="0"/>
						<line number="137" hits="0"/>
						<line number="138" hits="0"/>
						<line number="141" hits="1"/>
						<line number="153" hits="1"/>
						<line number="154" hits="1"/>
						<line number="165" hits="1"/>
						<line number="166" hits="1"/>
						<line number="167" hits="1"/>
						<line number="168" hits="1"/>
						<line number="170" hits="1"/>
						<line number="171" hits="1"/>
						<line number="172" hits="1"/>
						<line number="173" hits="0"/>
						<line number="174" hits="0"/>
						<line number="175" hits="0"/>
						<line number="176" hits="0"/>
						<line number="177" hits="0"/>
						<line number="179" hits="0"/>
						<line number="180" hits="0"/>
						<line number="181" hits="0"/>
						<line number="182" hits="0"/>
						<line number="183" hits="0"/>
						<line number="185" hits="1"/>
						<line number="188" hits="1"/>
						<line number="189" hits="1"/>
						<line number="191" hits="1"/>
						<line number="192" hits="1"/>
						<line number="193" hits="1"/>
						<line number="194" hits="1"/>
						<line number="195" hits="1"/>
						<line number="196" hits="0"/>
						<line number="197" hits="0"/>
						<line number="201" hits="1"/>
						<line number="202" hits="1"/>
						<line number="203" hits="1"/>
						<line number="204" hits="1"/>
						<line number="207" hits="1"/>
						<line number="226" hits="1"/>
						<line number="227" hits="1"/>
						<line number="231" hits="0"/>
						<line number="232" hits="0"/>
						<line number="234" hits="1"/>
						<line number="235" hits="1"/>
						<line number="239" hits="0"/>
						<line number="240" hits="0"/>
						<line number="242" hits="1"/>
						<line number="243" hits="1"/>
						<line number="247" hits="0"/>
						<line number="248" hits="0"/>
						<line number="250" hits="1"/>
						<line number="251" hits="1"/>
						<line number="255" hits="0"/>
						<line number="256" hits="0"/>
						<line number="258" hits="1"/>
						<line number="259" hits="1"/>
						<line number="263" hits="0"/>
						<line number="264" hits="0"/>
						<line number="266" hits="1"/>
						<line number="267" hits="1"/>
						<line number="271" hits="0"/>
						<line number="272" hits="0"/>
						<line number="274" hits="1"/>
						<line number="275" hits="1"/>
						<line number="279" hits="0"/>
						<line number="280" hits="0"/>
						<line number="282" hits="1"/>
						<line number="283" hits="1"/>
						<line number="287" hits="0"/>
						<line number="288" hits="0"/>
						<line number="290" hits="1"/>
						<line number="291" hits="1"/>
						<line number="295" hits="0"/>
						<line number="296" hits="0"/>
						<line number="299" hits="1"/>
						<line number="300" hits="1"/>
						<line number="303" hits="0"/>
						<line number="304" hits="0"/>
						<line number="307" hits="1"/>
						<line number="324" hits="1"/>
						<line number="337" hits="1"/>
						<line number="355" hits="1"/>
						<line number="378" hits="1"/>
						<line number="379" hits="1"/>
						<line number="383" hits="0"/>
						<line number="384" hits="0"/>
						<line number="386" hits="1"/>
						<line number="387" hits="1"/>
						<line number="391" hits="0"/>
						<line number="392" hits="0"/>
						<line number="395" hits="1"/>
						<line number="412" hits="1"/>
						<line number="413" hits="1"/>
						<line number="417" hits="0"/>
						<line number="418" hits="0"/>
						<line number="420" hits="1"/>
						<line number="423" hits="1"/>
						<line number="424" hits="1"/>
						<line number="427" hits="1"/>
						<line number="428" hits="1"/>
						<line number="429" hits="0"/>
						<line number="431" hits="1"/>
						<line number="432" hits="1"/>
						<line number="433" hits="1"/>
						<line number="438" hits="0"/>
						<line number="439" hits="0"/>
						<line number="440" hits="0"/>
						<line number="442" hits="0"/>
						<line number="452" hits="0"/>
						<line number="453" hits="0"/>
						<line number="454" hits="0"/>
						<line number="455" hits="0"/>
						<line number="456" hits="0"/>
						<line number="458" hits="1"/>
						<line number="459" hits="1"/>
						<line number="461" hits="0"/>
						<line number="462" hits="0"/>
						<line number="463" hits="0"/>
						<line number="465" hits="0"/>
						<line number="467" hits="0"/>
						<line number="482" hits="0"/>
						<line number="498" hits="0"/>
						<line number="499" hits="0"/>
						<line number="500" hits="0"/>
						<line number="501" hits="0"/>
						<line number="503" hits="1"/>
						<line number="504" hits="1"/>
						<line number="506" hits="0"/>
						<line number="507" hits="0"/>
						<line number="508" hits="0"/>
						<line number="510" hits="0"/>
						<line number="524" hits="0"/>
						<line number="525" hits="0"/>
						<line number="526" hits="0"/>
						<line number="527" hits="0"/>
						<line number="529" hits="1"/>
						<line number="537" hits="1"/>
						<line number="538" hits="1"/>
						<line number="562" hits="0"/>
						<line number="563" hits="0"/>
						<line number="564" hits="0"/>
						<line number="565" hits="0"/>
						<line number="567" hits="0"/>
						<line number="568" hits="0"/>
						<line number="569" hits="0"/>
						<line number="570" hits="0"/>
						<line number="573" hits="0"/>
						<line number="574" hits="0"/>
						<line number="575" hits="0"/>
						<line number="576" hits="0"/>
						<line number="578" hits="0"/>
						<line number="579" hits="0"/>
						<line number="580" hits="0"/>
						<line number="581" hits="0"/>
						<line number="583" hits="0"/>
						<line number="584" hits="0"/>
						<line number="585" hits="0"/>
						<line number="586" hits="0"/>
						<line number="588" hits="0"/>
						<line number="589" hits="0"/>
						<line number="590" hits="0"/>
						<line number="591" hits="0"/>
						<line number="594" hits="0"/>
						<line number="595" hits="0"/>
						<line number="596" hits="0"/>
						<line number="597" hits="0"/>
						<line number="599" hits="0"/>
						<line number="600" hits="0"/>
						<line number="601" hits="0"/>
						<line number="603" hits="0"/>
						<line number="604" hits="0"/>
						<line number="605" hits="0"/>
						<line number="611" hits="0"/>
						<line number="612" hits="0"/>
						<line number="613" hits="0"/>
						<line number="614" hits="0"/>
						<line number="615" hits="0"/>
						<line number="616" hits="0"/>
						<line number="617" hits="0"/>
						<line number="618" hits="0"/>
						<line number="619" hits="0"/>
						<line number="621" hits="1"/>
						<line number="622" hits="1"/>
						<line number="623" hits="0"/>
						<line number="624" hits="0"/>
						<line number="625" hits="0"/>
						<line number="626" hits="0"/>
						<line number="627" hits="0"/>
						<line number="629" hits="0"/>
						<line number="630" hits="0"/>
						<line number="633" hits="0"/>
						<line number="634" hits="0"/>
						<line number="638" hits="0"/>
						<line number="640" hits="0"/>
						<line number="644" hits="0"/>
						<line number="645" hits="0"/>
						<line number="647" hits="0"/>
						<line number="648" hits="0"/>
						<line number="649" hits="0"/>
						<line number="650" hits="0"/>
						<line number="651" hits="0"/>
						<line number="653" hits="0"/>
						<line number="655" hits="0"/>
						<line number="657" hits="0"/>
						<line number="659" hits="0"/>
						<line number="668" hits="0"/>
						<line number="671" hits="0"/>
						<line number="672" hits="0"/>
						<line number="674" hits="0"/>
						<line number="691" hits="0"/>
						<line number="700" hits="0"/>
						<line number="703" hits="0"/>
						<line number="712" hits="0"/>
						<line number="714" hits="1"/>
						<line number="715" hits="1"/>
						<line number="716" hits="0"/>
						<line number="717" hits="0"/>
						<line number="718" hits="0"/>
						<line number="719" hits="0"/>
						<line number="727" hits="0"/>
						<line number="730" hits="0"/>
						<line number="731" hits="0"/>
						<line number="744" hits="0"/>
						<line number="745" hits="0"/>
						<line number="746" hits="0"/>
						<line number="747" hits="0"/>
						<line number="749" hits="1"/>
						<line number="750" hits="1"/>
						<line number="751" hits="0"/>
						<line number="753" hits="1"/>
						<line number="754" hits="1"/>
						<line number="756" hits="0"/>
						<line number="757" hits="0"/>
						<line number="758" hits="0"/>
						<line number="759" hits="0"/>
						<line number="760" hits="0"/>
						<line number="763" hits="0"/>
						<line number="772" hits="0"/>
						<line number="773" hits="0"/>
						<line number="774" hits="0"/>
						<line number="775" hits="0"/>
						<line number="777" hits="1"/>
						<line number="778" hits="1"/>
						<line number="780" hits="0"/>
						<line number="781" hits="0"/>
						<line number="782" hits="0"/>
						<line number="783" hits="0"/>
						<line number="784" hits="0"/>
						<line number="785" hits="0"/>
						<line number="786" hits="0"/>
						<line number="787" hits="0"/>
						<line number="788" hits="0"/>
						<line number="790" hits="1"/>
						<line number="791" hits="1"/>
						<line number="792" hits="0"/>
						<line number="793" hits="0"/>
						<line number="794" hits="0"/>
						<line number="795" hits="0"/>
						<line number="799" hits="0"/>
						<line number="802" hits="0"/>
						<line number="803" hits="0"/>
						<line number="807" hits="0"/>
						<line number="808" hits="0"/>
						<line number="809" hits="0"/>
						<line number="810" hits="0"/>
						<line number="812" hits="1"/>
						<line number="813" hits="1"/>
						<line number="814" hits="0"/>
						<line number="815" hits="0"/>
						<line number="816" hits="0"/>
						<line number="817" hits="0"/>
						<line number="818" hits="0"/>
						<line number="820" hits="1"/>
						<line number="821" hits="1"/>
						<line number="822" hits="0"/>
						<line number="823" hits="0"/>
						<line number="824" hits="0"/>
						<line number="825" hits="0"/>
						<line number="829" hits="0"/>
						<line number="830" hits="0"/>
						<line number="831" hits="0"/>
						<line number="832" hits="0"/>
						<line number="833" hits="0"/>
						<line number="835" hits="1"/>
						<line number="836" hits="1"/>
						<line number="837" hits="1"/>
						<line number="838" hits="1"/>
						<line number="839" hits="1"/>
						<line number="842" hits="1"/>
						<line number="857" hits="1"/>
						<line number="864" hits="1"/>
						<line number="865" hits="1"/>
						<line number="871" hits="1"/>
						<line number="873" hits="1"/>
						<line number="875" hits="0"/>
						<line number="876" hits="0"/>
						<line number="877" hits="0"/>
						<line number="879" hits="0"/>
						<line number="882" hits="0"/>
						<line number="883" hits="0"/>
						<line number="884" hits="0"/>
						<line number="885" hits="0"/>
						<line number="886" hits="0"/>
						<line number="888" hits="0"/>
						<line number="889" hits="0"/>
						<line number="892" hits="0"/>
						<line number="893" hits="0"/>
						<line number="894" hits="0"/>
						<line number="895" hits="0"/>
						<line number="896" hits="0"/>
						<line number="898" hits="0"/>
						<line number="899" hits="0"/>
						<line number="904" hits="0"/>
						<line number="905" hits="0"/>
						<line number="906" hits="0"/>
						<line number="907" hits="0"/>
						<line number="909" hits="0"/>
						<line number="910" hits="0"/>
						<line number="912" hits="0"/>
						<line number="914" hits="0"/>
						<line number="915" hits="0"/>
						<line number="916" hits="0"/>
						<line number="917" hits="0"/>
						<line number="919" hits="1"/>
						<line number="921" hits="0"/>
						<line number="922" hits="0"/>
						<line number="924" hits="0"/>
						<line number="928" hits="0"/>
						<line number="929" hits="0"/>
						<line number="932" hits="0"/>
						<line number="933" hits="0"/>
						<line number="934" hits="0"/>
						<line number="935" hits="0"/>
						<line number="938" hits="0"/>
						<line number="939" hits="0"/>
						<line number="941" hits="0"/>
						<line number="942" hits="0"/>
						<line number="946" hits="0"/>
						<line number="947" hits="0"/>
						<line number="948" hits="0"/>
						<line number="951" hits="0"/>
						<line number="952" hits="0"/>
						<line number="953" hits="0"/>
						<line number="954" hits="0"/>
						<line number="956" hits="0"/>
						<line number="957" hits="0"/>
						<line number="958" hits="0"/>
						<line number="959" hits="0"/>
						<line number="964" hits="0"/>
						<line number="966" hits="0"/>
						<line number="967" hits="0"/>
						<line number="969" hits="0"/>
						<line number="972" hits="0"/>
						<line number="973" hits="0"/>
						<line number="974" hits="0"/>
						<line number="975" hits="0"/>
						<line number="977" hits="0"/>
						<line number="978" hits="0"/>
						<line number="980" hits="0"/>
						<line number="982" hits="0"/>
						<line number="983" hits="0"/>
						<line number="984" hits="0"/>
						<line number="985" hits="0"/>
						<line number="987" hits="1"/>
						<line number="989" hits="0"/>
						<line number="1054" hits="0"/>
						<line number="1055" hits="0"/>
						<line number="1066" hits="0"/>
						<line number="1069" hits="0"/>
						<line number="1070" hits="0"/>
						<line number="1071" hits="0"/>
						<line number="1072" hits="0"/>
						<line number="1073" hits="0"/>
						<line number="1074" hits="0"/>
						<line number="1077" hits="0"/>
						<line number="1078" hits="0"/>
						<line number="1079" hits="0"/>
						<line number="1080" hits="0"/>
						<line number="1083" hits="0"/>
						<line number="1084" hits="0"/>
						<line number="1085" hits="0"/>
						<line number="1086" hits="0"/>
						<line number="1087" hits="0"/>
						<line number="1088" hits="0"/>
						<line number="1089" hits="0"/>
						<line number="1090" hits="0"/>
						<line number="1092" hits="0"/>
						<line number="1093" hits="0"/>
						<line number="1095" hits="0"/>
						<line number="1096" hits="0"/>
						<line number="1097" hits="0"/>
						<line number="1099" hits="0"/>
						<line number="1100" hits="0"/>
						<line number="1101" hits="0"/>
						<line number="1103" hits="0"/>
						<line number="1104" hits="0"/>
						<line number="1105" hits="0"/>
						<line number="1107" hits="0"/>
						<line number="1109" hits="0"/>
						<line number="1110" hits="0"/>
						<line number="1111" hits="0"/>
						<line number="1112" hits="0"/>
						<line number="1114" hits="1"/>
						<line number="1115" hits="0"/>
						<line number="1117" hits="0"/>
						<line number="1118" hits="0"/>
						<line number="1141" hits="0"/>
						<line number="1201" hits="0"/>
						<line number="1202" hits="0"/>
						<line number="1212" hits="0"/>
						<line number="1215" hits="0"/>
						<line number="1216" hits="0"/>
						<line number="1219" hits="0"/>
						<line number="1220" hits="0"/>
						<line number="1223" hits="0"/>
						<line number="1234" hits="0"/>
						<line number="1236" hits="0"/>
						<line number="1237" hits="0"/>
						<line number="1239" hits="0"/>
						<line number="1240" hits="0"/>
						<line number="1242" hits="0"/>
						<line number="1243" hits="0"/>
						<line number="1244" hits="0"/>
						<line number="1246" hits="1"/>
						<line number="1247" hits="0"/>
						<line number="1248" hits="0"/>
						<line number="1262" hits="0"/>
						<line number="1263" hits="0"/>
						<line number="1267" hits="0"/>
						<line number="1271" hits="0"/>
						<line number="1277" hits="0"/>
						<line number="1278" hits="0"/>
						<line number="1282" hits="0"/>
						<line number="1284" hits="1"/>
						<line number="1286" hits="0"/>
						<line number="1287" hits="0"/>
						<line number="1289" hits="0"/>
						<line number="1290" hits="0"/>
						<line number="1293" hits="0"/>
						<line number="1294" hits="0"/>
						<line number="1295" hits="0"/>
						<line number="1297" hits="0"/>
						<line number="1300" hits="0"/>
						<line number="1301" hits="0"/>
						<line number="1304" hits="0"/>
						<line number="1305" hits="0"/>
						<line number="1306" hits="0"/>
						<line number="1308" hits="0"/>
						<line number="1311" hits="0"/>
						<line number="1312" hits="0"/>
						<line number="1315" hits="0"/>
						<line number="1316" hits="0"/>
						<line number="1317" hits="0"/>
						<line number="1320" hits="0"/>
						<line number="1321" hits="0"/>
						<line number="1324" hits="0"/>
						<line number="1325" hits="0"/>
						<line number="1326" hits="0"/>
						<line number="1328" hits="0"/>
						<line number="1330" hits="0"/>
						<line number="1331" hits="0"/>
						<line number="1332" hits="0"/>
						<line number="1333" hits="0"/>
						<line number="1336" hits="0"/>
						<line number="1337" hits="0"/>
						<line number="1340" hits="0"/>
						<line number="1341" hits="0"/>
						<line number="1342" hits="0"/>
						<line number="1343" hits="0"/>
						<line number="1346" hits="0"/>
						<line number="1347" hits="0"/>
						<line number="1350" hits="0"/>
						<line number="1351" hits="0"/>
						<line number="1352" hits="0"/>
						<line number="1353" hits="0"/>
						<line number="1354" hits="0"/>
						<line number="1355" hits="0"/>
						<line number="1358" hits="0"/>
						<line number="1359" hits="0"/>
						<line number="1360" hits="0"/>
						<line number="1361" hits="0"/>
						<line number="1362" hits="0"/>
						<line number="1365" hits="0"/>
						<line number="1368" hits="0"/>
						<line number="1370" hits="0"/>
						<line number="1371" hits="0"/>
						<line number="1372" hits="0"/>
						<line number="1373" hits="0"/>
						<line number="1376" hits="0"/>
						<line number="1377" hits="0"/>
						<line number="1378" hits="0"/>
						<line number="1380" hits="0"/>
						<line number="1384" hits="0"/>
						<line number="1387" hits="0"/>
						<line number="1388" hits="0"/>
						<line number="1389" hits="0"/>
						<line number="1390" hits="0"/>
						<line number="1391" hits="0"/>
						<line number="1392" hits="0"/>
						<line number="1394" hits="0"/>
						<line number="1396" hits="0"/>
						<line number="1397" hits="0"/>
						<line number="1399" hits="0"/>
						<line number="1401" hits="0"/>
						<line number="1402" hits="0"/>
						<line number="1403" hits="0"/>
						<line number="1405" hits="1"/>
						<line number="1407" hits="0"/>
						<line number="1408" hits="0"/>
						<line number="1410" hits="0"/>
						<line number="1425" hits="0"/>
						<line number="1434" hits="0"/>
						<line number="1437" hits="0"/>
						<line number="1438" hits="0"/>
						<line number="1440" hits="0"/>
						<line number="1441" hits="0"/>
						<line number="1443" hits="0"/>
						<line number="1445" hits="0"/>
						<line number="1446" hits="0"/>
						<line number="1448" hits="0"/>
						<line number="1450" hits="1"/>
						<line number="1452" hits="0"/>
						<line number="1453" hits="0"/>
						<line number="1455" hits="0"/>
						<line number="1456" hits="0"/>
						<line number="1459" hits="0"/>
						<line number="1460" hits="0"/>
						<line number="1463" hits="0"/>
						<line number="1465" hits="0"/>
						<line number="1466" hits="0"/>
						<line number="1469" hits="0"/>
						<line number="1470" hits="0"/>
						<line number="1473" hits="0"/>
						<line number="1480" hits="0"/>
						<line number="1481" hits="0"/>
						<line number="1484" hits="0"/>
						<line number="1487" hits="0"/>
						<line number="1488" hits="0"/>
						<line number="1491" hits="0"/>
						<line number="1492" hits="0"/>
						<line number="1493" hits="0"/>
						<line number="1496" hits="0"/>
						<line number="1497" hits="0"/>
						<line number="1498" hits="0"/>
						<line number="1499" hits="0"/>
						<line number="1506" hits="0"/>
						<line number="1508" hits="0"/>
						<line number="1509" hits="0"/>
						<line number="1512" hits="0"/>
						<line number="1513" hits="0"/>
						<line number="1516" hits="0"/>
						<line number="1518" hits="0"/>
						<line number="1519" hits="0"/>
						<line number="1521" hits="0"/>
						<line number="1523" hits="0"/>
						<line number="1524" hits="0"/>
						<line number="1525" hits="0"/>
						<line number="1527" hits="1"/>
						<line number="1529" hits="0"/>
						<line number="1530" hits="0"/>
						<line number="1533" hits="0"/>
						<line number="1536" hits="0"/>
						<line number="1539" hits="0"/>
						<line number="1540" hits="0"/>
						<line number="1541" hits="0"/>
						<line number="1542" hits="0"/>
						<line number="1543" hits="0"/>
						<line number="1544" hits="0"/>
						<line number="1545" hits="0"/>
						<line number="1546" hits="0"/>
						<line number="1560" hits="0"/>
						<line number="1561" hits="0"/>
						<line number="1562" hits="0"/>
						<line number="1563" hits="0"/>
						<line number="1564" hits="0"/>
						<line number="1565" hits="0"/>
						<line number="1568" hits="0"/>
						<line number="1569" hits="0"/>
						<line number="1571" hits="0"/>
						<line number="1572" hits="0"/>
						<line number="1574" hits="0"/>
						<line number="1575" hits="0"/>
						<line number="1576" hits="0"/>
						<line number="1578" hits="0"/>
						<line number="1579" hits="0"/>
						<line number="1581" hits="0"/>
						<line number="1583" hits="0"/>
						<line number="1584" hits="0"/>
						<line number="1585" hits="0"/>
						<line number="1587" hits="1"/>
						<line number="1589" hits="0"/>
						<line number="1590" hits="0"/>
						<line number="1593" hits="0"/>
						<line number="1595" hits="0"/>
						<line number="1625" hits="0"/>
						<line number="1634" hits="0"/>
						<line number="1637" hits="0"/>
						<line number="1638" hits="0"/>
						<line number="1640" hits="0"/>
						<line number="1641" hits="0"/>
						<line number="1643" hits="0"/>
						<line number="1645" hits="0"/>
						<line number="1646" hits="0"/>
						<line number="1647" hits="0"/>
						<line number="1648" hits="0"/>
						<line number="1650" hits="1"/>
						<line number="1651" hits="1"/>
						<line number="1652" hits="1"/>
						<line number="1657" hits="1"/>
						<line number="1663" hits="1"/>
						<line number="1664" hits="0"/>
						<line number="1665" hits="0"/>
						<line number="1667" hits="0"/>
						<line number="1674" hits="0"/>
						<line number="1675" hits="0"/>
						<line number="1677" hits="0"/>
						<line number="1678" hits="0"/>
						<line number="1679" hits="0"/>
						<line number="1681" hits="0"/>
						<line number="1682" hits="0"/>
						<line number="1683" hits="0"/>
						<line number="1685" hits="0"/>
						<line number="1687" hits="0"/>
						<line number="1688" hits="0"/>
						<line number="1689" hits="0"/>
						<line number="1691" hits="1"/>
						<line number="1692" hits="0"/>
						<line number="1715" hits="0"/>
						<line number="1717" hits="1"/>
						<line number="1718" hits="1"/>
						<line number="1719" hits="1"/>
						<line number="1726" hits="0"/>
						<line number="1727" hits="0"/>
						<line number="1728" hits="0"/>
						<line number="1729" hits="0"/>
						<line number="1730" hits="0"/>
						<line number="1735" hits="0"/>
						<line number="1736" hits="0"/>
						<line number="1737" hits="0"/>
						<line number="1738" hits="0"/>
						<line number="1739" hits="0"/>
						<line number="1742" hits="0"/>
						<line number="1743" hits="0"/>
						<line number="1744" hits="0"/>
						<line number="1745" hits="0"/>
						<line number="1746" hits="0"/>
						<line number="1747" hits="0"/>
						<line number="1750" hits="0"/>
						<line number="1751" hits="0"/>
						<line number="1752" hits="0"/>
						<line number="1753" hits="0"/>
						<line number="1755" hits="0"/>
						<line number="1757" hits="1"/>
						<line number="1758" hits="1"/>
						<line number="1764" hits="0"/>
						<line number="1765" hits="0"/>
						<line number="1766" hits="0"/>
						<line number="1767" hits="0"/>
						<line number="1773" hits="0"/>
						<line number="1775" hits="0"/>
						<line number="1776" hits="0"/>
						<line number="1777" hits="0"/>
						<line number="1779" hits="0"/>
						<line number="1780" hits="0"/>
						<line number="1781" hits="0"/>
						<line number="1783" hits="0"/>
						<line number="1784" hits="0"/>
						<line number="1785" hits="0"/>
						<line number="1793" hits="0"/>
						<line number="1794" hits="0"/>
						<line number="1800" hits="0"/>
						<line number="1801" hits="0"/>
						<line number="1802" hits="0"/>
						<line number="1803" hits="0"/>
						<line number="1805" hits="0"/>
						<line number="1808" hits="0"/>
						<line number="1809" hits="0"/>
						<line number="1810" hits="0"/>
						<line number="1811" hits="0"/>
						<line number="1812" hits="0"/>
						<line number="1813" hits="0"/>
						<line number="1814" hits="0"/>
						<line number="1815" hits="0"/>
						<line number="1816" hits="0"/>
						<line number="1819" hits="0"/>
						<line number="1820" hits="0"/>
						<line number="1821" hits="0"/>
						<line number="1822" hits="0"/>
						<line number="1823" hits="0"/>
						<line number="1824" hits="0"/>
						<line number="1826" hits="0"/>
						<line number="1827" hits="0"/>
						<line number="1828" hits="0"/>
						<line number="1830" hits="0"/>
						<line number="1831" hits="0"/>
						<line number="1832" hits="0"/>
						<line number="1833" hits="0"/>
						<line number="1834" hits="0"/>
						<line number="1835" hits="0"/>
						<line number="1836" hits="0"/>
						<line number="1837" hits="0"/>
						<line number="1838" hits="0"/>
						<line number="1839" hits="0"/>
						<line number="1841" hits="1"/>
						<line number="1842" hits="1"/>
						<line number="1851" hits="0"/>
						<line number="1853" hits="0"/>
						<line number="1855" hits="0"/>
						<line number="1856" hits="0"/>
						<line number="1857" hits="0"/>
						<line number="1862" hits="0"/>
						<line number="1864" hits="0"/>
						<line number="1866" hits="0"/>
						<line number="1868" hits="0"/>
						<line number="1870" hits="0"/>
						<line number="1871" hits="0"/>
						<line number="1872" hits="0"/>
						<line number="1873" hits="0"/>
						<line number="1875" hits="0"/>
						<line number="1876" hits="0"/>
						<line number="1879" hits="0"/>
						<line number="1880" hits="0"/>
						<line number="1881" hits="0"/>
						<line number="1883" hits="0"/>
						<line number="1884" hits="0"/>
						<line number="1886" hits="0"/>
						<line number="1887" hits="0"/>
						<line number="1889" hits="0"/>
						<line number="1890" hits="0"/>
						<line number="1892" hits="0"/>
						<line number="1893" hits="0"/>
						<line number="1894" hits="0"/>
						<line number="1896" hits="1"/>
						<line number="1897" hits="1"/>
						<line number="1906" hits="0"/>
						<line number="1908" hits="0"/>
						<line number="1910" hits="0"/>
						<line number="1911" hits="0"/>
						<line number="1912" hits="0"/>
						<line number="1917" hits="0"/>
						<line number="1919" hits="0"/>
						<line number="1920" hits="0"/>
						<line number="1922" hits="0"/>
						<line number="1923" hits="0"/>
						<line number="1926" hits="0"/>
						<line number="1928" hits="0"/>
						<line number="1929" hits="0"/>
						<line number="1931" hits="0"/>
						<line number="1933" hits="0"/>
						<line number="1934" hits="0"/>
						<line number="1936" hits="0"/>
						<line number="1937" hits="0"/>
						<line number="1939" hits="0"/>
						<line number="1940" hits="0"/>
						<line number="1942" hits="0"/>
						<line number="1943" hits="0"/>
						<line number="1945" hits="0"/>
						<line number="1946" hits="0"/>
						<line number="1947" hits="0"/>
						<line number="1949" hits="1"/>
						<line number="1950" hits="1"/>
						<line number="1958" hits="0"/>
						<line number="1959" hits="0"/>
						<line number="1960" hits="0"/>
						<line number="1961" hits="0"/>
						<line number="1962" hits="0"/>
						<line number="1964" hits="1"/>
						<line number="1965" hits="1"/>
						<line number="1967" hits="0"/>
						<line number="1970" hits="0"/>
						<line number="1978" hits="0"/>
						<line number="1980" hits="0"/>
						<line number="1981" hits="0"/>
						<line number="1982" hits="0"/>
						<line number="1983" hits="0"/>
						<line number="1984" hits="0"/>
						<line number="1987" hits="0"/>
						<line number="1988" hits="0"/>
						<line number="1990" hits="0"/>
						<line number="1991" hits="0"/>
						<line number="1994" hits="0"/>
						<line number="1995" hits="0"/>
						<line number="1996" hits="0"/>
						<line number="1997" hits="0"/>
						<line number="1999" hits="0"/>
						<line number="2000" hits="0"/>
						<line number="2001" hits="0"/>
						<line number="2002" hits="0"/>
						<line number="2004" hits="0"/>
						<line number="2005" hits="0"/>
						<line number="2006" hits="0"/>
						<line number="2007" hits="0"/>
						<line number="2009" hits="0"/>
						<line number="2010" hits="0"/>
						<line number="2011" hits="0"/>
						<line number="2012" hits="0"/>
						<line number="2013" hits="0"/>
						<line number="2014" hits="0"/>
						<line number="2015" hits="0"/>
						<line number="2017" hits="0"/>
						<line number="2020" hits="0"/>
						<line number="2021" hits="0"/>
						<line number="2022" hits="0"/>
						<line number="2024" hits="0"/>
						<line number="2027" hits="0"/>
						<line number="2028" hits="0"/>
						<line number="2031" hits="0"/>
						<line number="2032" hits="0"/>
						<line number="2033" hits="0"/>
						<line number="2034" hits="0"/>
						<line number="2036" hits="1"/>
						<line number="2037" hits="1"/>
						<line number="2039" hits="1"/>
						<line number="2040" hits="1"/>
						<line number="2041" hits="0"/>
						<line number="2042" hits="0"/>
						<line number="2043" hits="0"/>
						<line number="2045" hits="1"/>
						<line number="2047" hits="1"/>
						<line number="2048" hits="1"/>
						<line number="2049" hits="1"/>
						<line number="2051" hits="0"/>
						<line number="2052" hits="0"/>
						<line number="2054" hits="0"/>
						<line number="2055" hits="0"/>
						<line number="2058" hits="0"/>
						<line number="2059" hits="0"/>
						<line number="2062" hits="0"/>
						<line number="2063" hits="0"/>
						<line number="2064" hits="0"/>
						<line number="2065" hits="0"/>
						<line number="2067" hits="0"/>
						<line number="2068" hits="0"/>
						<line number="2069" hits="0"/>
						<line number="2071" hits="0"/>
						<line number="2072" hits="1"/>
						<line number="2074" hits="1"/>
						<line number="2075" hits="1"/>
						<line number="2076" hits="0"/>
						<line number="2077" hits="0"/>
						<line number="2078" hits="0"/>
						<line number="2080" hits="1"/>
						<line number="2081" hits="1"/>
						<line number="2082" hits="1"/>
						<line number="2083" hits="0"/>
						<line number="2084" hits="0"/>
						<line number="2085" hits="0"/>
						<line number="2086" hits="0"/>
						<line number="2087" hits="0"/>
						<line number="2088" hits="0"/>
						<line number="2089" hits="0"/>
						<line number="2090" hits="0"/>
						<line number="2091" hits="0"/>
						<line number="2092" hits="0"/>
						<line number="2093" hits="0"/>
						<line number="2095" hits="0"/>
						<line number="2097" hits="0"/>
						<line number="2099" hits="0"/>
						<line number="2100" hits="0"/>
						<line number="2102" hits="0"/>
						<line number="2104" hits="0"/>
						<line number="2106" hits="1"/>
						<line number="2107" hits="1"/>
						<line number="2108" hits="0"/>
						<line number="2109" hits="0"/>
						<line number="2110" hits="0"/>
						<line number="2113" hits="0"/>
						<line number="2114" hits="0"/>
						<line number="2115" hits="0"/>
						<line number="2117" hits="0"/>
						<line number="2119" hits="0"/>
						<line number="2120" hits="0"/>
						<line number="2121" hits="0"/>
						<line number="2122" hits="0"/>
						<line number="2123" hits="0"/>
						<line number="2124" hits="0"/>
						<line number="2125" hits="0"/>
						<line number="2126" hits="0"/>
						<line number="2127" hits="0"/>
						<line number="2128" hits="0"/>
						<line number="2129" hits="0"/>
						<line number="2130" hits="0"/>
						<line number="2132" hits="0"/>
						<line number="2133" hits="0"/>
						<line number="2134" hits="0"/>
						<line number="2135" hits="0"/>
						<line number="2136" hits="0"/>
						<line number="2137" hits="0"/>
						<line number="2138" hits="0"/>
						<line number="2139" hits="0"/>
						<line number="2140" hits="0"/>
						<line number="2141" hits="0"/>
						<line number="2143" hits="0"/>
						<line number="2144" hits="0"/>
						<line number="2145" hits="0"/>
						<line number="2146" hits="0"/>
						<line number="2147" hits="0"/>
						<line number="2148" hits="0"/>
						<line number="2149" hits="0"/>
						<line number="2150" hits="0"/>
						<line number="2151" hits="0"/>
						<line number="2152" hits="0"/>
						<line number="2153" hits="0"/>
						<line number="2154" hits="0"/>
						<line number="2157" hits="0"/>
						<line number="2158" hits="0"/>
						<line number="2172" hits="0"/>
						<line number="2175" hits="0"/>
						<line number="2176" hits="0"/>
						<line number="2178" hits="0"/>
						<line number="2180" hits="0"/>
						<line number="2182" hits="1"/>
						<line number="2183" hits="1"/>
						<line number="2184" hits="1"/>
						<line number="2185" hits="0"/>
						<line number="2186" hits="0"/>
						<line number="2187" hits="0"/>
						<line number="2190" hits="0"/>
						<line number="2191" hits="0"/>
						<line number="2193" hits="0"/>
						<line number="2194" hits="0"/>
						<line number="2195" hits="0"/>
						<line number="2197" hits="0"/>
						<line number="2198" hits="0"/>
						<line number="2200" hits="0"/>
						<line number="2201" hits="0"/>
						<line number="2202" hits="0"/>
						<line number="2204" hits="0"/>
						<line number="2205" hits="0"/>
						<line number="2206" hits="0"/>
						<line number="2208" hits="1"/>
						<line number="2209" hits="1"/>
						<line number="2210" hits="1"/>
						<line number="2211" hits="0"/>
						<line number="2212" hits="0"/>
						<line number="2215" hits="0"/>
						<line number="2216" hits="0"/>
						<line number="2218" hits="0"/>
						<line number="2219" hits="0"/>
						<line number="2220" hits="0"/>
						<line number="2223" hits="0"/>
						<line number="2224" hits="0"/>
						<line number="2226" hits="0"/>
						<line number="2228" hits="0"/>
						<line number="2229" hits="0"/>
						<line number="2233" hits="0"/>
						<line number="2236" hits="0"/>
						<line number="2240" hits="0"/>
						<line number="2244" hits="0"/>
						<line number="2246" hits="0"/>
						<line number="2249" hits="0"/>
						<line number="2252" hits="0"/>
						<line number="2254" hits="1"/>
						<line number="2255" hits="1"/>
						<line number="2256" hits="1"/>
						<line number="2257" hits="0"/>
						<line number="2260" hits="0"/>
						<line number="2265" hits="0"/>
						<line number="2266" hits="0"/>
						<line number="2269" hits="0"/>
						<line number="2270" hits="0"/>
						<line number="2271" hits="0"/>
						<line number="2273" hits="0"/>
						<line number="2274" hits="0"/>
						<line number="2278" hits="0"/>
						<line number="2279" hits="0"/>
						<line number="2280" hits="0"/>
						<line number="2283" hits="0"/>
						<line number="2284" hits="0"/>
						<line number="2288" hits="0"/>
						<line number="2289" hits="0"/>
						<line number="2291" hits="0"/>
						<line number="2294" hits="0"/>
						<line number="2296" hits="1"/>
						<line number="2297" hits="1"/>
						<line number="2298" hits="0"/>
						<line number="2299" hits="0"/>
						<line number="2301" hits="1"/>
						<line number="2302" hits="1"/>
						<line number="2303" hits="0"/>
						<line number="2304" hits="0"/>
						<line number="2305" hits="0"/>
						<line number="2308" hits="0"/>
						<line number="2309" hits="0"/>
						<line number="2310" hits="0"/>
						<line number="2313" hits="0"/>
						<line number="2314" hits="0"/>
						<line number="2317" hits="0"/>
						<line number="2318" hits="0"/>
						<line number="2319" hits="0"/>
						<line number="2320" hits="0"/>
						<line number="2321" hits="0"/>
						<line number="2322" hits="0"/>
						<line number="2325" hits="0"/>
						<line number="2332" hits="0"/>
						<line number="2333" hits="0"/>
						<line number="2336" hits="0"/>
						<line number="2337" hits="0"/>
						<line number="2339" hits="0"/>
						<line number="2349" hits="1"/>
						<line number="2350" hits="1"/>
						<line number="2351" hits="1"/>
						<line number="2352" hits="0"/>
						<line number="2353" hits="0"/>
						<line number="2354" hits="0"/>
						<line number="2356" hits="0"/>
						<line number="2357" hits="0"/>
						<line number="2358" hits="0"/>
						<line number="2360" hits="0"/>
						<line number="2361" hits="0"/>
						<line number="2363" hits="0"/>
						<line number="2364" hits="0"/>
						<line number="2370" hits="0"/>
						<line number="2372" hits="1"/>
						<line number="2373" hits="1"/>
						<line number="2374" hits="1"/>
						<line number="2375" hits="0"/>
						<line number="2376" hits="0"/>
						<line number="2378" hits="0"/>
						<line number="2379" hits="0"/>
						<line number="2380" hits="0"/>
						<line number="2383" hits="0"/>
						<line number="2384" hits="0"/>
						<line number="2387" hits="0"/>
						<line number="2388" hits="0"/>
						<line number="2389" hits="0"/>
						<line number="2392" hits="0"/>
						<line number="2393" hits="0"/>
						<line number="2395" hits="0"/>
						<line number="2397" hits="0"/>
						<line number="2398" hits="0"/>
						<line number="2399" hits="0"/>
						<line number="2403" hits="1"/>
						<line number="2404" hits="1"/>
						<line number="2405" hits="1"/>
						<line number="2406" hits="0"/>
						<line number="2407" hits="0"/>
						<line number="2408" hits="0"/>
						<line number="2411" hits="0"/>
						<line number="2412" hits="0"/>
						<line number="2414" hits="0"/>
						<line number="2416" hits="0"/>
						<line number="2417" hits="0"/>
						<line number="2420" hits="0"/>
						<line number="2421" hits="0"/>
						<line number="2426" hits="0"/>
						<line number="2428" hits="0"/>
						<line number="2429" hits="0"/>
						<line number="2430" hits="0"/>
						<line number="2431" hits="0"/>
						<line number="2432" hits="0"/>
						<line number="2433" hits="0"/>
						<line number="2434" hits="0"/>
						<line number="2435" hits="0"/>
						<line number="2438" hits="0"/>
						<line number="2441" hits="0"/>
						<line number="2444" hits="0"/>
						<line number="2445" hits="0"/>
						<line number="2447" hits="0"/>
						<line number="2461" hits="0"/>
						<line number="2463" hits="0"/>
						<line number="2464" hits="0"/>
						<line number="2465" hits="0"/>
						<line number="2466" hits="0"/>
						<line number="2469" hits="0"/>
						<line number="2482" hits="0"/>
						<line number="2483" hits="0"/>
						<line number="2484" hits="0"/>
						<line number="2485" hits="0"/>
						<line number="2486" hits="0"/>
						<line number="2487" hits="0"/>
						<line number="2489" hits="0"/>
						<line number="2490" hits="0"/>
						<line number="2492" hits="0"/>
						<line number="2493" hits="0"/>
						<line number="2495" hits="0"/>
						<line number="2496" hits="0"/>
						<line number="2499" hits="0"/>
						<line number="2513" hits="0"/>
						<line number="2515" hits="0"/>
						<line number="2516" hits="0"/>
						<line number="2517" hits="0"/>
						<line number="2518" hits="0"/>
						<line number="2521" hits="0"/>
						<line number="2534" hits="0"/>
						<line number="2535" hits="0"/>
						<line number="2538" hits="0"/>
						<line number="2552" hits="0"/>
						<line number="2555" hits="0"/>
						<line number="2558" hits="0"/>
						<line number="2568" hits="0"/>
						<line number="2576" hits="0"/>
						<line number="2578" hits="0"/>
						<line number="2580" hits="0"/>
						<line number="2586" hits="0"/>
						<line number="2592" hits="0"/>
						<line number="2599" hits="1"/>
						<line number="2600" hits="1"/>
						<line number="2601" hits="0"/>
						<line number="2602" hits="0"/>
						<line number="2604" hits="0"/>
						<line number="2606" hits="0"/>
						<line number="2607" hits="0"/>
						<line number="2609" hits="0"/>
						<line number="2611" hits="1"/>
						<line number="2612" hits="1"/>
						<line number="2613" hits="0"/>
						<line number="2614" hits="0"/>
						<line number="2616" hits="0"/>
						<line number="2617" hits="0"/>
						<line number="2618" hits="0"/>
						<line number="2620" hits="0"/>
						<line number="2625" hits="1"/>
						<line number="2626" hits="1"/>
						<line number="2627" hits="1"/>
						<line number="2629" hits="0"/>
						<line number="2630" hits="0"/>
						<line number="2632" hits="0"/>
						<line number="2634" hits="0"/>
						<line number="2635" hits="0"/>
						<line number="2636" hits="0"/>
						<line number="2639" hits="0"/>
						<line number="2646" hits="0"/>
						<line number="2654" hits="0"/>
						<line number="2655" hits="0"/>
						<line number="2656" hits="0"/>
						<line number="2657" hits="0"/>
						<line number="2658" hits="0"/>
						<line number="2659" hits="0"/>
						<line number="2660" hits="0"/>
						<line number="2663" hits="0"/>
						<line number="2664" hits="0"/>
						<line number="2666" hits="0"/>
						<line number="2668" hits="0"/>
						<line number="2669" hits="0"/>
						<line number="2671" hits="0"/>
						<line number="2672" hits="0"/>
						<line number="2679" hits="0"/>
						<line number="2680" hits="0"/>
						<line number="2681" hits="0"/>
						<line number="2683" hits="0"/>
						<line number="2690" hits="0"/>
						<line number="2693" hits="0"/>
						<line number="2694" hits="0"/>
						<line number="2700" hits="0"/>
						<line number="2701" hits="0"/>
						<line number="2702" hits="0"/>
						<line number="2703" hits="0"/>
						<line number="2705" hits="0"/>
						<line number="2706" hits="0"/>
						<line number="2707" hits="0"/>
						<line number="2708" hits="0"/>
						<line number="2711" hits="0"/>
						<line number="2724" hits="0"/>
						<line number="2725" hits="0"/>
						<line number="2726" hits="0"/>
						<line number="2727" hits="0"/>
						<line number="2728" hits="0"/>
						<line number="2730" hits="0"/>
						<line number="2731" hits="0"/>
						<line number="2733" hits="0"/>
						<line number="2734" hits="0"/>
						<line number="2736" hits="0"/>
						<line number="2737" hits="0"/>
						<line number="2740" hits="0"/>
						<line number="2754" hits="0"/>
						<line number="2756" hits="0"/>
						<line number="2757" hits="0"/>
						<line number="2758" hits="0"/>
						<line number="2759" hits="0"/>
						<line number="2762" hits="0"/>
						<line number="2775" hits="0"/>
						<line number="2776" hits="0"/>
						<line number="2779" hits="0"/>
						<line number="2793" hits="0"/>
						<line number="2795" hits="0"/>
						<line number="2801" hits="0"/>
						<line number="2808" hits="0"/>
						<line number="2809" hits="0"/>
						<line number="2811" hits="0"/>
						<line number="2812" hits="0"/>
						<line number="2813" hits="0"/>
						<line number="2814" hits="0"/>
						<line number="2821" hits="0"/>
						<line number="2822" hits="0"/>
						<line number="2825" hits="0"/>
						<line number="2826" hits="0"/>
						<line number="2827" hits="0"/>
						<line number="2828" hits="0"/>
						<line number="2831" hits="0"/>
						<line number="2832" hits="0"/>
						<line number="2833" hits="0"/>
						<line number="2834" hits="0"/>
						<line number="2836" hits="0"/>
						<line number="2837" hits="0"/>
						<line number="2838" hits="0"/>
						<line number="2839" hits="0"/>
						<line number="2841" hits="0"/>
						<line number="2843" hits="0"/>
						<line number="2849" hits="1"/>
						<line number="2850" hits="1"/>
						<line number="2851" hits="0"/>
						<line number="2852" hits="0"/>
						<line number="2854" hits="0"/>
						<line number="2856" hits="0"/>
						<line number="2858" hits="0"/>
						<line number="2859" hits="0"/>
						<line number="2861" hits="0"/>
						<line number="2868" hits="0"/>
						<line number="2869" hits="0"/>
						<line number="2871" hits="1"/>
						<line number="2872" hits="1"/>
						<line number="2873" hits="0"/>
						<line number="2874" hits="0"/>
						<line number="2876" hits="0"/>
						<line number="2878" hits="0"/>
						<line number="2879" hits="0"/>
						<line number="2882" hits="0"/>
						<line number="2883" hits="0"/>
						<line number="2884" hits="0"/>
						<line number="2887" hits="0"/>
						<line number="2888" hits="0"/>
						<line number="2889" hits="0"/>
						<line number="2891" hits="0"/>
						<line number="2892" hits="0"/>
						<line number="2895" hits="0"/>
						<line number="2898" hits="0"/>
						<line number="2900" hits="0"/>
						<line number="2907" hits="0"/>
						<line number="2908" hits="0"/>
						<line number="2909" hits="0"/>
						<line number="2911" hits="1"/>
						<line number="2912" hits="1"/>
						<line number="2913" hits="1"/>
						<line number="2914" hits="0"/>
						<line number="2915" hits="0"/>
						<line number="2918" hits="0"/>
						<line number="2921" hits="0"/>
						<line number="2922" hits="0"/>
						<line number="2926" hits="0"/>
						<line number="2927" hits="0"/>
						<line number="2928" hits="0"/>
						<line number="2930" hits="0"/>
						<line number="2931" hits="0"/>
						<line number="2932" hits="0"/>
						<line number="2933" hits="0"/>
						<line number="2934" hits="0"/>
						<line number="2937" hits="0"/>
						<line number="2950" hits="0"/>
						<line number="2952" hits="0"/>
						<line number="2953" hits="0"/>
						<line number="2954" hits="0"/>
						<line number="2955" hits="0"/>
						<line number="2956" hits="0"/>
						<line number="2958" hits="0"/>
						<line number="2959" hits="0"/>
						<line number="2961" hits="0"/>
						<line number="2962" hits="0"/>
						<line number="2964" hits="0"/>
						<line number="2965" hits="0"/>
						<line number="2968" hits="0"/>
						<line number="2982" hits="0"/>
						<line number="2984" hits="0"/>
						<line number="2985" hits="0"/>
						<line number="2986" hits="0"/>
						<line number="2989" hits="0"/>
						<line number="3002" hits="0"/>
						<line number="3003" hits="0"/>
						<line number="3006" hits="0"/>
						<line number="3020" hits="0"/>
						<line number="3022" hits="0"/>
						<line number="3023" hits="0"/>
						<line number="3026" hits="0"/>
						<line number="3027" hits="0"/>
						<line number="3028" hits="0"/>
						<line number="3030" hits="0"/>
						<line number="3031" hits="0"/>
						<line number="3032" hits="0"/>
						<line number="3034" hits="0"/>
						<line number="3038" hits="1"/>
						<line number="3039" hits="1"/>
						<line number="3040" hits="0"/>
						<line number="3042" hits="0"/>
						<line number="3046" hits="0"/>
						<line number="3047" hits="0"/>
						<line number="3050" hits="0"/>
						<line number="3051" hits="0"/>
						<line number="3054" hits="0"/>
						<line number="3055" hits="0"/>
						<line number="3056" hits="0"/>
						<line number="3059" hits="0"/>
						<line number="3060" hits="0"/>
						<line number="3062" hits="0"/>
						<line number="3064" hits="0"/>
						<line number="3065" hits="0"/>
						<line number="3068" hits="0"/>
						<line number="3069" hits="0"/>
						<line number="3071" hits="0"/>
						<line number="3072" hits="0"/>
						<line number="3075" hits="0"/>
						<line number="3076" hits="0"/>
						<line number="3077" hits="0"/>
						<line number="3078" hits="0"/>
						<line number="3079" hits="0"/>
						<line number="3080" hits="0"/>
						<line number="3081" hits="0"/>
						<line number="3082" hits="0"/>
						<line number="3084" hits="1"/>
						<line number="3094" hits="0"/>
						<line number="3095" hits="0"/>
						<line number="3096" hits="0"/>
						<line number="3099" hits="0"/>
						<line number="3100" hits="0"/>
						<line number="3101" hits="0"/>
						<line number="3102" hits="0"/>
						<line number="3105" hits="0"/>
						<line number="3106" hits="0"/>
						<line number="3108" hits="0"/>
						<line number="3110" hits="1"/>
						<line number="3112" hits="0"/>
						<line number="3113" hits="0"/>
						<line number="3116" hits="0"/>
						<line number="3119" hits="0"/>
						<line number="3120" hits="0"/>
						<line number="3122" hits="0"/>
						<line number="3124" hits="1"/>
						<line number="3125" hits="1"/>
						<line number="3127" hits="0"/>
						<line number="3128" hits="0"/>
						<line number="3130" hits="0"/>
						<line number="3131" hits="0"/>
						<line number="3132" hits="0"/>
						<line number="3133" hits="0"/>
						<line number="3134" hits="0"/>
						<line number="3136" hits="0"/>
						<line number="3138" hits="0"/>
						<line number="3139" hits="0"/>
						<line number="3141" hits="0"/>
						<line number="3156" hits="0"/>
						<line number="3157" hits="0"/>
						<line number="3159" hits="0"/>
						<line number="3161" hits="1"/>
						<line number="3162" hits="1"/>
						<line number="3163" hits="1"/>
						<line number="3165" hits="0"/>
						<line number="3166" hits="0"/>
						<line number="3168" hits="0"/>
						<line number="3170" hits="0"/>
						<line number="3171" hits="0"/>
						<line number="3172" hits="0"/>
						<line number="3174" hits="0"/>
						<line number="3175" hits="0"/>
						<line number="3176" hits="0"/>
						<line number="3178" hits="0"/>
						<line number="3179" hits="0"/>
						<line number="3180" hits="0"/>
						<line number="3182" hits="0"/>
						<line number="3183" hits="0"/>
						<line number="3184" hits="0"/>
						<line number="3186" hits="0"/>
						<line number="3187" hits="0"/>
						<line number="3188" hits="0"/>
						<line number="3190" hits="0"/>
						<line number="3192" hits="0"/>
						<line number="3195" hits="0"/>
						<line number="3196" hits="0"/>
						<line number="3199" hits="0"/>
						<line number="3200" hits="0"/>
						<line number="3203" hits="0"/>
						<line number="3206" hits="0"/>
						<line number="3211" hits="0"/>
						<line number="3212" hits="0"/>
						<line number="3214" hits="0"/>
						<line number="3215" hits="0"/>
						<line number="3216" hits="0"/>
						<line number="3217" hits="0"/>
						<line number="3220" hits="0"/>
						<line number="3226" hits="0"/>
						<line number="3228" hits="0"/>
						<line number="3231" hits="1"/>
						<line number="3232" hits="1"/>
						<line number="3233" hits="0"/>
						<line number="3234" hits="0"/>
						<line number="3236" hits="1"/>
						<line number="3237" hits="1"/>
						<line number="3238" hits="0"/>
						<line number="3239" hits="0"/>
						<line number="3241" hits="1"/>
						<line number="3242" hits="1"/>
						<line number="3243" hits="0"/>
						<line number="3244" hits="0"/>
						<line number="3246" hits="1"/>
						<line number="3247" hits="1"/>
						<line number="3248" hits="0"/>
						<line number="3249" hits="0"/>
						<line number="3251" hits="1"/>
						<line number="3254" hits="0"/>
						<line number="3255" hits="0"/>
					</lines>
				</class>
			</classes>
		</package>
		<package name="function_app.content_editor" line-rate="0" branch-rate="0" complexity="0">
			<classes>
				<class name="__init__.py" filename="function_app/content_editor/__init__.py" complexity="0" line-rate="0" branch-rate="0">
					<methods/>
					<lines>
						<line number="1" hits="0"/>
						<line number="2" hits="0"/>
						<line number="3" hits="0"/>
						<line number="4" hits="0"/>
						<line number="6" hits="0"/>
						<line number="8" hits="0"/>
						<line number="9" hits="0"/>
						<line number="11" hits="0"/>
						<line number="12" hits="0"/>
						<line number="14" hits="0"/>
						<line number="15" hits="0"/>
						<line number="16" hits="0"/>
						<line number="18" hits="0"/>
						<line number="19" hits="0"/>
						<line number="24" hits="0"/>
						<line number="31" hits="0"/>
						<line number="32" hits="0"/>
						<line number="34" hits="0"/>
						<line number="40" hits="0"/>
						<line number="41" hits="0"/>
						<line number="42" hits="0"/>
					</lines>
				</class>
			</classes>
		</package>
		<package name="function_app.content_generator" line-rate="0" branch-rate="0" complexity="0">
			<classes>
				<class name="__init__.py" filename="function_app/content_generator/__init__.py" complexity="0" line-rate="0" branch-rate="0">
					<methods/>
					<lines>
						<line number="1" hits="0"/>
						<line number="2" hits="0"/>
						<line number="3" hits="0"/>
						<line number="4" hits="0"/>
						<line number="6" hits="0"/>
						<line number="8" hits="0"/>
						<line number="9" hits="0"/>
						<line number="11" hits="0"/>
						<line number="12" hits="0"/>
						<line number="15" hits="0"/>
						<line number="16" hits="0"/>
						<line number="17" hits="0"/>
						<line number="18" hits="0"/>
						<line number="19" hits="0"/>
						<line number="20" hits="0"/>
						<line number="21" hits="0"/>
						<line number="22" hits="0"/>
						<line number="23" hits="0"/>
						<line number="24" hits="0"/>
						<line number="25" hits="0"/>
						<line number="28" hits="0"/>
						<line number="43" hits="0"/>
						<line number="44" hits="0"/>
						<line number="46" hits="0"/>
						<line number="52" hits="0"/>
						<line number="53" hits="0"/>
						<line number="54" hits="0"/>
					</lines>
				</class>
			</classes>
		</package>
		<package name="function_app.image_generator" line-rate="0" branch-rate="0" complexity="0">
			<classes>
				<class name="__init__.py" filename="function_app/image_generator/__init__.py" complexity="0" line-rate="0" branch-rate="0">
					<methods/>
					<lines>
						<line number="1" hits="0"/>
						<line number="2" hits="0"/>
						<line number="3" hits="0"/>
						<line number="4" hits="0"/>
						<line number="5" hits="0"/>
						<line number="6" hits="0"/>
						<line number="7" hits="0"/>
						<line number="9" hits="0"/>
						<line number="10" hits="0"/>
						<line number="11" hits="0"/>
						<line number="12" hits="0"/>
						<line number="13" hits="0"/>
						<line number="14" hits="0"/>
						<line number="17" hits="0"/>
						<line number="19" hits="0"/>
						<line number="20" hits="0"/>
						<line number="23" hits="0"/>
						<line number="24" hits="0"/>
						<line number="25" hits="0"/>
						<line number="26" hits="0"/>
						<line number="29" hits="0"/>
						<line number="30" hits="0"/>
						<line number="32" hits="0"/>
						<line number="41" hits="0"/>
						<line number="42" hits="0"/>
						<line number="43" hits="0"/>
					</lines>
				</class>
			</classes>
		</package>
	</packages>
</coverage>
